#-----------------------------------------------------------
# Vivado v2017.4 (64-bit)
# SW Build 2086221 on Fri Dec 15 20:55:39 MST 2017
# IP Build 2085800 on Fri Dec 15 22:25:07 MST 2017
# Start of session at: Fri May 31 23:41:35 2024
# Process ID: 31992
# Current directory: E:/Vivado_Project/General_Purpose_RF
# Command line: vivado.exe -gui_launcher_event rodinguilauncherevent25252 E:\Vivado_Project\General_Purpose_RF\General_Purpose_RF.xpr
# Log file: E:/Vivado_Project/General_Purpose_RF/vivado.log
# Journal file: E:/Vivado_Project/General_Purpose_RF\vivado.jou
#-----------------------------------------------------------
start_gui
open_project E:/Vivado_Project/General_Purpose_RF/General_Purpose_RF.xpr
Scanning sources...
Finished scanning sources
INFO: [IP_Flow 19-234] Refreshing IP repositories
INFO: [IP_Flow 19-1704] No user IP repositories specified
INFO: [IP_Flow 19-2313] Loaded Vivado IP repository 'D:/Vivado_2017.4/Vivado/2017.4/data/ip'.
open_project: Time (s): cpu = 00:00:15 ; elapsed = 00:00:08 . Memory (MB): peak = 830.566 ; gain = 68.141
update_compile_order -fileset sources_1
exit
INFO: [Common 17-206] Exiting Vivado at Fri May 31 23:45:52 2024...
