#-----------------------------------------------------------
# Vivado v2017.4 (64-bit)
# SW Build 2086221 on Fri Dec 15 20:55:39 MST 2017
# IP Build 2085800 on Fri Dec 15 22:25:07 MST 2017
# Start of session at: Fri May 31 15:46:28 2024
# Process ID: 7960
# Current directory: E:/Vivado_Project/DataPass_CPU
# Command line: vivado.exe -gui_launcher_event rodinguilauncherevent10488 E:\Vivado_Project\DataPass_CPU\DataPass_CPU.xpr
# Log file: E:/Vivado_Project/DataPass_CPU/vivado.log
# Journal file: E:/Vivado_Project/DataPass_CPU\vivado.jou
#-----------------------------------------------------------
start_gui
open_project E:/Vivado_Project/DataPass_CPU/DataPass_CPU.xpr
Scanning sources...
Finished scanning sources
INFO: [IP_Flow 19-234] Refreshing IP repositories
INFO: [IP_Flow 19-1704] No user IP repositories specified
INFO: [IP_Flow 19-2313] Loaded Vivado IP repository 'D:/Vivado_2017.4/Vivado/2017.4/data/ip'.
open_project: Time (s): cpu = 00:00:12 ; elapsed = 00:00:07 . Memory (MB): peak = 844.973 ; gain = 80.258
update_compile_order -fileset sources_1
eexit
INFO: [Common 17-206] Exiting Vivado at Fri May 31 16:21:44 2024...
