#-----------------------------------------------------------
# Vivado v2017.4 (64-bit)
# SW Build 2086221 on Fri Dec 15 20:55:39 MST 2017
# IP Build 2085800 on Fri Dec 15 22:25:07 MST 2017
# Start of session at: Tue May 28 11:14:45 2024
# Process ID: 3480
# Current directory: E:/Vivado_Project/ARMv7_memory
# Command line: vivado.exe -gui_launcher_event rodinguilauncherevent13676 E:\Vivado_Project\ARMv7_memory\ARMv7_memory.xpr
# Log file: E:/Vivado_Project/ARMv7_memory/vivado.log
# Journal file: E:/Vivado_Project/ARMv7_memory\vivado.jou
#-----------------------------------------------------------
start_gui
open_project E:/Vivado_Project/ARMv7_memory/ARMv7_memory.xpr
Scanning sources...
Finished scanning sources
INFO: [IP_Flow 19-234] Refreshing IP repositories
INFO: [IP_Flow 19-1704] No user IP repositories specified
INFO: [IP_Flow 19-2313] Loaded Vivado IP repository 'D:/Vivado_2017.4/Vivado/2017.4/data/ip'.
open_project: Time (s): cpu = 00:00:13 ; elapsed = 00:00:07 . Memory (MB): peak = 863.758 ; gain = 90.090
update_compile_order -fileset sources_1
exit
INFO: [Common 17-206] Exiting Vivado at Tue May 28 12:13:50 2024...
