#-----------------------------------------------------------
# Vivado v2017.4 (64-bit)
# SW Build 2086221 on Fri Dec 15 20:55:39 MST 2017
# IP Build 2085800 on Fri Dec 15 22:25:07 MST 2017
# Start of session at: Sun Jun 16 18:20:03 2024
# Process ID: 38740
# Current directory: E:/Vivado_Project/CPU3
# Command line: vivado.exe -gui_launcher_event rodinguilauncherevent36084 E:\Vivado_Project\CPU3\CPU3.xpr
# Log file: E:/Vivado_Project/CPU3/vivado.log
# Journal file: E:/Vivado_Project/CPU3\vivado.jou
#-----------------------------------------------------------
start_gui
open_project E:/Vivado_Project/CPU3/CPU3.xpr
Scanning sources...
Finished scanning sources
INFO: [IP_Flow 19-234] Refreshing IP repositories
INFO: [IP_Flow 19-1704] No user IP repositories specified
INFO: [IP_Flow 19-2313] Loaded Vivado IP repository 'D:/Vivado_2017.4/Vivado/2017.4/data/ip'.
open_project: Time (s): cpu = 00:00:17 ; elapsed = 00:00:12 . Memory (MB): peak = 822.906 ; gain = 117.078
update_compile_order -fileset sources_1
exit
INFO: [Common 17-206] Exiting Vivado at Sun Jun 16 18:24:09 2024...
