#-----------------------------------------------------------
# Vivado v2017.4 (64-bit)
# SW Build 2086221 on Fri Dec 15 20:55:39 MST 2017
# IP Build 2085800 on Fri Dec 15 22:25:07 MST 2017
# Start of session at: Tue May  7 12:04:09 2024
# Process ID: 6724
# Current directory: E:/Vivado_Project/barrel_shifter
# Command line: vivado.exe -gui_launcher_event rodinguilauncherevent30836 E:\Vivado_Project\barrel_shifter\barrel_shifter.xpr
# Log file: E:/Vivado_Project/barrel_shifter/vivado.log
# Journal file: E:/Vivado_Project/barrel_shifter\vivado.jou
#-----------------------------------------------------------
start_gui
open_project E:/Vivado_Project/barrel_shifter/barrel_shifter.xpr
Scanning sources...
Finished scanning sources
INFO: [IP_Flow 19-234] Refreshing IP repositories
INFO: [IP_Flow 19-1704] No user IP repositories specified
INFO: [IP_Flow 19-2313] Loaded Vivado IP repository 'D:/Vivado_2017.4/Vivado/2017.4/data/ip'.
open_project: Time (s): cpu = 00:00:12 ; elapsed = 00:00:06 . Memory (MB): peak = 833.215 ; gain = 78.895
update_compile_order -fileset sources_1
exit
INFO: [Common 17-206] Exiting Vivado at Tue May  7 13:15:31 2024...
