#-----------------------------------------------------------
# Vivado v2017.4 (64-bit)
# SW Build 2086221 on Fri Dec 15 20:55:39 MST 2017
# IP Build 2085800 on Fri Dec 15 22:25:07 MST 2017
# Start of session at: Sun May 26 17:04:18 2024
# Process ID: 9024
# Current directory: E:/Vivado_Project/barrel_shifter
# Command line: vivado.exe -gui_launcher_event rodinguilauncherevent8204 E:\Vivado_Project\barrel_shifter\barrel_shifter.xpr
# Log file: E:/Vivado_Project/barrel_shifter/vivado.log
# Journal file: E:/Vivado_Project/barrel_shifter\vivado.jou
#-----------------------------------------------------------
start_gui
open_project E:/Vivado_Project/barrel_shifter/barrel_shifter.xpr
Scanning sources...
Finished scanning sources
INFO: [IP_Flow 19-234] Refreshing IP repositories
INFO: [IP_Flow 19-1704] No user IP repositories specified
INFO: [IP_Flow 19-2313] Loaded Vivado IP repository 'D:/Vivado_2017.4/Vivado/2017.4/data/ip'.
open_project: Time (s): cpu = 00:00:13 ; elapsed = 00:00:07 . Memory (MB): peak = 876.355 ; gain = 131.938
update_compile_order -fileset sources_1
exit
INFO: [Common 17-206] Exiting Vivado at Sun May 26 17:05:02 2024...
