#-----------------------------------------------------------
# Vivado v2017.4 (64-bit)
# SW Build 2086221 on Fri Dec 15 20:55:39 MST 2017
# IP Build 2085800 on Fri Dec 15 22:25:07 MST 2017
# Start of session at: Tue Jun 11 10:52:47 2024
# Process ID: 13552
# Current directory: E:/Vivado_Project/CPU2
# Command line: vivado.exe -gui_launcher_event rodinguilauncherevent16904 E:\Vivado_Project\CPU2\CPU2.xpr
# Log file: E:/Vivado_Project/CPU2/vivado.log
# Journal file: E:/Vivado_Project/CPU2\vivado.jou
#-----------------------------------------------------------
start_gui
open_project E:/Vivado_Project/CPU2/CPU2.xpr
Scanning sources...
Finished scanning sources
INFO: [IP_Flow 19-234] Refreshing IP repositories
INFO: [IP_Flow 19-1704] No user IP repositories specified
INFO: [IP_Flow 19-2313] Loaded Vivado IP repository 'D:/Vivado_2017.4/Vivado/2017.4/data/ip'.
open_project: Time (s): cpu = 00:00:12 ; elapsed = 00:00:07 . Memory (MB): peak = 886.207 ; gain = 94.586
update_compile_order -fileset sources_1
exit
INFO: [Common 17-206] Exiting Vivado at Tue Jun 11 11:06:10 2024...
