#-----------------------------------------------------------
# Vivado v2017.4 (64-bit)
# SW Build 2086221 on Fri Dec 15 20:55:39 MST 2017
# IP Build 2085800 on Fri Dec 15 22:25:07 MST 2017
# Start of session at: Thu Jun  6 21:45:09 2024
# Process ID: 44880
# Current directory: E:/Vivado_Project/CPU2
# Command line: vivado.exe -gui_launcher_event rodinguilauncherevent54744 E:\Vivado_Project\CPU2\CPU2.xpr
# Log file: E:/Vivado_Project/CPU2/vivado.log
# Journal file: E:/Vivado_Project/CPU2\vivado.jou
#-----------------------------------------------------------
start_gui
open_project E:/Vivado_Project/CPU2/CPU2.xpr
Scanning sources...
Finished scanning sources
INFO: [IP_Flow 19-234] Refreshing IP repositories
INFO: [IP_Flow 19-1704] No user IP repositories specified
INFO: [IP_Flow 19-2313] Loaded Vivado IP repository 'D:/Vivado_2017.4/Vivado/2017.4/data/ip'.
WARNING: [IP_Flow 19-3664] IP 'InstROM' generated file not found 'e:/Vivado_Project/CPU2/CPU2.srcs/sources_1/ip/InstROM/InstROM.dcp'. Please regenerate to continue.
WARNING: [IP_Flow 19-3664] IP 'InstROM' generated file not found 'e:/Vivado_Project/CPU2/CPU2.srcs/sources_1/ip/InstROM/InstROM_stub.v'. Please regenerate to continue.
WARNING: [IP_Flow 19-3664] IP 'InstROM' generated file not found 'e:/Vivado_Project/CPU2/CPU2.srcs/sources_1/ip/InstROM/InstROM_stub.vhdl'. Please regenerate to continue.
WARNING: [IP_Flow 19-3664] IP 'InstROM' generated file not found 'e:/Vivado_Project/CPU2/CPU2.srcs/sources_1/ip/InstROM/InstROM_sim_netlist.v'. Please regenerate to continue.
WARNING: [IP_Flow 19-3664] IP 'InstROM' generated file not found 'e:/Vivado_Project/CPU2/CPU2.srcs/sources_1/ip/InstROM/InstROM_sim_netlist.vhdl'. Please regenerate to continue.
open_project: Time (s): cpu = 00:00:12 ; elapsed = 00:00:07 . Memory (MB): peak = 831.605 ; gain = 63.875
update_compile_order -fileset sources_1
INFO: [Device 21-403] Loading part xc7a100tfgg484-2L
WARNING: [IP_Flow 19-4067] Ignoring invalid widget type specified checkbox.Providing a default widget
WARNING: [IP_Flow 19-4067] Ignoring invalid widget type specified checkbox.Providing a default widget
WARNING: [IP_Flow 19-4067] Ignoring invalid widget type specified checkbox.Providing a default widget
WARNING: [IP_Flow 19-4067] Ignoring invalid widget type specified checkbox.Providing a default widget
export_ip_user_files -of_objects  [get_files e:/Vivado_Project/CPU3/test_CPU2.coe] -no_script -reset -force -quiet
remove_files  e:/Vivado_Project/CPU3/test_CPU2.coe
remove_files  e:/Vivado_Project/CPU3/test_CPU2.coe
WARNING: [Vivado 12-818] No files matched 'e:/Vivado_Project/CPU3/test_CPU2.coe'
