#-----------------------------------------------------------
# Vivado v2017.4 (64-bit)
# SW Build 2086221 on Fri Dec 15 20:55:39 MST 2017
# IP Build 2085800 on Fri Dec 15 22:25:07 MST 2017
# Start of session at: Thu Jun  6 21:47:49 2024
# Process ID: 67276
# Current directory: E:/Vivado_Project/CPU2
# Command line: vivado.exe -gui_launcher_event rodinguilauncherevent45044 E:\Vivado_Project\CPU2\CPU2.xpr
# Log file: E:/Vivado_Project/CPU2/vivado.log
# Journal file: E:/Vivado_Project/CPU2\vivado.jou
#-----------------------------------------------------------
start_gui
open_project E:/Vivado_Project/CPU2/CPU2.xpr
Scanning sources...
Finished scanning sources
INFO: [IP_Flow 19-234] Refreshing IP repositories
INFO: [IP_Flow 19-1704] No user IP repositories specified
INFO: [IP_Flow 19-2313] Loaded Vivado IP repository 'D:/Vivado_2017.4/Vivado/2017.4/data/ip'.
open_project: Time (s): cpu = 00:00:13 ; elapsed = 00:00:08 . Memory (MB): peak = 892.809 ; gain = 112.488
update_compile_order -fileset sources_1
INFO: [Device 21-403] Loading part xc7a100tfgg484-2L
WARNING: [IP_Flow 19-4067] Ignoring invalid widget type specified checkbox.Providing a default widget
WARNING: [IP_Flow 19-4067] Ignoring invalid widget type specified checkbox.Providing a default widget
reset_target all [get_files  E:/Vivado_Project/CPU2/CPU2.srcs/sources_1/ip/InstROM/InstROM.xci]
export_ip_user_files -of_objects  [get_files  E:/Vivado_Project/CPU2/CPU2.srcs/sources_1/ip/InstROM/InstROM.xci] -sync -no_script -force -quiet
delete_ip_run [get_files -of_objects [get_fileset InstROM] E:/Vivado_Project/CPU2/CPU2.srcs/sources_1/ip/InstROM/InstROM.xci]
INFO: [Project 1-386] Moving file 'E:/Vivado_Project/CPU2/CPU2.srcs/sources_1/ip/InstROM/InstROM.xci' from fileset 'InstROM' to fileset 'sources_1'.
update_compile_order -fileset sources_1
export_ip_user_files -of_objects  [get_files e:/Vivado_Project/CPU3/test_CPU2.coe] -no_script -reset -force -quiet
remove_files  e:/Vivado_Project/CPU3/test_CPU2.coe
WARNING: [IP_Flow 19-4067] Ignoring invalid widget type specified checkbox.Providing a default widget
WARNING: [IP_Flow 19-4067] Ignoring invalid widget type specified checkbox.Providing a default widget
set_property -dict [list CONFIG.Coe_File {E:/Vivado_Project/CPU2/test.coe}] [get_ips InstROM]
INFO: [IP_Flow 19-3484] Absolute path of file 'e:/Vivado_Project/CPU2/test.coe' provided. It will be converted relative to IP Instance files '../../../../test.coe'
generate_target all [get_files  E:/Vivado_Project/CPU2/CPU2.srcs/sources_1/ip/InstROM/InstROM.xci]
INFO: [IP_Flow 19-1686] Generating 'Instantiation Template' target for IP 'InstROM'...
INFO: [IP_Flow 19-1686] Generating 'Synthesis' target for IP 'InstROM'...
INFO: [IP_Flow 19-1686] Generating 'Simulation' target for IP 'InstROM'...
INFO: [IP_Flow 19-1686] Generating 'Miscellaneous' target for IP 'InstROM'...
INFO: [IP_Flow 19-1686] Generating 'Change Log' target for IP 'InstROM'...
catch { config_ip_cache -export [get_ips -all InstROM] }
export_ip_user_files -of_objects [get_files E:/Vivado_Project/CPU2/CPU2.srcs/sources_1/ip/InstROM/InstROM.xci] -no_script -sync -force -quiet
create_ip_run [get_files -of_objects [get_fileset sources_1] E:/Vivado_Project/CPU2/CPU2.srcs/sources_1/ip/InstROM/InstROM.xci]
launch_runs -jobs 8 InstROM_synth_1
[Thu Jun  6 21:51:18 2024] Launched InstROM_synth_1...
Run output will be captured here: E:/Vivado_Project/CPU2/CPU2.runs/InstROM_synth_1/runme.log
export_simulation -of_objects [get_files E:/Vivado_Project/CPU2/CPU2.srcs/sources_1/ip/InstROM/InstROM.xci] -directory E:/Vivado_Project/CPU2/CPU2.ip_user_files/sim_scripts -ip_user_files_dir E:/Vivado_Project/CPU2/CPU2.ip_user_files -ipstatic_source_dir E:/Vivado_Project/CPU2/CPU2.ip_user_files/ipstatic -lib_map_path [list {modelsim=E:/Vivado_Project/CPU2/CPU2.cache/compile_simlib/modelsim} {questa=E:/Vivado_Project/CPU2/CPU2.cache/compile_simlib/questa} {riviera=E:/Vivado_Project/CPU2/CPU2.cache/compile_simlib/riviera} {activehdl=E:/Vivado_Project/CPU2/CPU2.cache/compile_simlib/activehdl}] -use_ip_compiled_libs -force -quiet
launch_simulation
INFO: [Vivado 12-5698] Checking validity of IPs in the design for the 'XSim' simulator...
INFO: [Vivado 12-5682] Launching behavioral simulation in 'E:/Vivado_Project/CPU2/CPU2.sim/sim_1/behav/xsim'
INFO: [Vivado 12-4795] Using compiled simulation libraries for IPs
INFO: [SIM-utils-51] Simulation object is 'sim_1'
INFO: [USF-XSim-7] Finding pre-compiled libraries...
INFO: [USF-XSim-11] File 'D:/Vivado_2017.4/Vivado/2017.4/data/xsim/ip/xsim_ip.ini' copied to run dir:'E:/Vivado_Project/CPU2/CPU2.sim/sim_1/behav/xsim'
INFO: [SIM-utils-54] Inspecting design source files for 'test_CPU2' in fileset 'sim_1'...
INFO: [SIM-utils-43] Exported 'E:/Vivado_Project/CPU2/CPU2.sim/sim_1/behav/xsim/test.coe'
INFO: [SIM-utils-43] Exported 'E:/Vivado_Project/CPU2/CPU2.sim/sim_1/behav/xsim/InstROM.mif'
INFO: [USF-XSim-97] Finding global include files...
INFO: [USF-XSim-98] Fetching design files from 'sim_1'...
INFO: [USF-XSim-2] XSim::Compile design
INFO: [USF-XSim-61] Executing 'COMPILE and ANALYZE' step in 'E:/Vivado_Project/CPU2/CPU2.sim/sim_1/behav/xsim'
"xvlog --incr --relax -prj test_CPU2_vlog.prj"
INFO: [VRFC 10-2263] Analyzing Verilog file "E:/Vivado_Project/CPU2/CPU2.srcs/sources_1/ip/InstROM/sim/InstROM.v" into library xil_defaultlib
INFO: [VRFC 10-311] analyzing module InstROM
INFO: [VRFC 10-2263] Analyzing Verilog file "E:/Vivado_Project/CPU2/CPU2.srcs/sources_1/new/ALU.v" into library xil_defaultlib
INFO: [VRFC 10-311] analyzing module ALU
INFO: [VRFC 10-2263] Analyzing Verilog file "E:/Vivado_Project/CPU2/CPU2.srcs/sources_1/new/ALU_shifter.v" into library xil_defaultlib
INFO: [VRFC 10-311] analyzing module ALU_shifter
INFO: [VRFC 10-2263] Analyzing Verilog file "E:/Vivado_Project/CPU2/CPU2.srcs/sources_1/new/CPU2.v" into library xil_defaultlib
INFO: [VRFC 10-311] analyzing module CPU2
INFO: [VRFC 10-2263] Analyzing Verilog file "E:/Vivado_Project/CPU2/CPU2.srcs/sources_1/new/Controller.v" into library xil_defaultlib
INFO: [VRFC 10-311] analyzing module Controller
INFO: [VRFC 10-2263] Analyzing Verilog file "E:/Vivado_Project/CPU2/CPU2.srcs/sources_1/new/General_Purpose_RF.v" into library xil_defaultlib
INFO: [VRFC 10-311] analyzing module General_Purpose_RF
WARNING: [VRFC 10-2019] loop variable declaration is not allowed in this mode of verilog [E:/Vivado_Project/CPU2/CPU2.srcs/sources_1/new/General_Purpose_RF.v:59]
WARNING: [VRFC 10-2019] loop variable declaration is not allowed in this mode of verilog [E:/Vivado_Project/CPU2/CPU2.srcs/sources_1/new/General_Purpose_RF.v:62]
INFO: [VRFC 10-2263] Analyzing Verilog file "E:/Vivado_Project/CPU2/CPU2.srcs/sources_1/new/LD.v" into library xil_defaultlib
INFO: [VRFC 10-311] analyzing module LD
INFO: [VRFC 10-2263] Analyzing Verilog file "E:/Vivado_Project/CPU2/CPU2.srcs/sources_1/new/barrel_shifter_main.v" into library xil_defaultlib
INFO: [VRFC 10-311] analyzing module barrel_shifter_main
INFO: [VRFC 10-2263] Analyzing Verilog file "E:/Vivado_Project/CPU2/CPU2.srcs/sim_1/new/test_CPU2.v" into library xil_defaultlib
INFO: [VRFC 10-311] analyzing module test_CPU2
INFO: [USF-XSim-69] 'compile' step finished in '5' seconds
INFO: [USF-XSim-3] XSim::Elaborate design
INFO: [USF-XSim-61] Executing 'ELABORATE' step in 'E:/Vivado_Project/CPU2/CPU2.sim/sim_1/behav/xsim'
Vivado Simulator 2017.4
Copyright 1986-1999, 2001-2016 Xilinx, Inc. All Rights Reserved.
Running: D:/Vivado_2017.4/Vivado/2017.4/bin/unwrapped/win64.o/xelab.exe -wto 09866d38c02c4a9b8eb63a9ad562f7b9 --incr --debug typical --relax --mt 2 -L blk_mem_gen_v8_4_1 -L xil_defaultlib -L unisims_ver -L unimacro_ver -L secureip -L xpm --snapshot test_CPU2_behav xil_defaultlib.test_CPU2 xil_defaultlib.glbl -log elaborate.log 
Using 2 slave threads.
Starting static elaboration
WARNING: [VRFC 10-1783] select index 62 into current_contents is out of bounds [/wrk/2017.4/nightly/2017_12_15_2086221/packages/customer/vivado/data/ip/xilinx/blk_mem_gen_v8_4/simulation/blk_mem_gen_v8_4.v:2420]
Completed static elaboration
Starting simulation data flow analysis
Completed simulation data flow analysis
Time Resolution for simulation is 1ps
Compiling module blk_mem_gen_v8_4_1.blk_mem_gen_v8_4_1_output_stage(...
Compiling module blk_mem_gen_v8_4_1.blk_mem_gen_v8_4_1_softecc_outpu...
Compiling module blk_mem_gen_v8_4_1.blk_mem_gen_v8_4_1_mem_module(C_...
Compiling module blk_mem_gen_v8_4_1.blk_mem_gen_v8_4_1(C_FAMILY="art...
Compiling module xil_defaultlib.InstROM
Compiling module xil_defaultlib.LD
Compiling module xil_defaultlib.Controller
Compiling module xil_defaultlib.General_Purpose_RF
Compiling module xil_defaultlib.barrel_shifter_main
Compiling module xil_defaultlib.ALU
Compiling module xil_defaultlib.ALU_shifter
Compiling module xil_defaultlib.CPU2
Compiling module xil_defaultlib.test_CPU2
Compiling module xil_defaultlib.glbl
Built simulation snapshot test_CPU2_behav

****** Webtalk v2017.4 (64-bit)
  **** SW Build 2086221 on Fri Dec 15 20:55:39 MST 2017
  **** IP Build 2085800 on Fri Dec 15 22:25:07 MST 2017
    ** Copyright 1986-2017 Xilinx, Inc. All Rights Reserved.

source E:/Vivado_Project/CPU2/CPU2.sim/sim_1/behav/xsim/xsim.dir/test_CPU2_behav/webtalk/xsim_webtalk.tcl -notrace
INFO: [Common 17-206] Exiting Webtalk at Thu Jun  6 21:51:57 2024...
run_program: Time (s): cpu = 00:00:00 ; elapsed = 00:00:19 . Memory (MB): peak = 1145.164 ; gain = 0.000
INFO: [USF-XSim-69] 'elaborate' step finished in '19' seconds
INFO: [USF-XSim-4] XSim::Simulate design
INFO: [USF-XSim-61] Executing 'SIMULATE' step in 'E:/Vivado_Project/CPU2/CPU2.sim/sim_1/behav/xsim'
INFO: [USF-XSim-98] *** Running xsim
   with args "test_CPU2_behav -key {Behavioral:sim_1:Functional:test_CPU2} -tclbatch {test_CPU2.tcl} -log {simulate.log}"
INFO: [USF-XSim-8] Loading simulator feature
Vivado Simulator 2017.4
Time resolution is 1 ps
source test_CPU2.tcl
# set curr_wave [current_wave_config]
# if { [string length $curr_wave] == 0 } {
#   if { [llength [get_objects]] > 0} {
#     add_wave /
#     set_property needs_save false [current_wave_config]
#   } else {
#      send_msg_id Add_Wave-1 WARNING "No top level signals found. Simulator will start without a wave window. If you want to open a wave window go to 'File->New Waveform Configuration' or type 'create_wave_config' in the TCL console."
#   }
# }
# run 1000ns
 Block Memory Generator module loading initial data...
 Block Memory Generator data initialization complete.
Block Memory Generator module test_CPU2.cpu.LD.instROMInst.inst.native_mem_module.blk_mem_gen_v8_4_1_inst is using a behavioral model for simulation which will not precisely model memory collision behavior.
INFO: [USF-XSim-96] XSim completed. Design snapshot 'test_CPU2_behav' loaded.
INFO: [USF-XSim-97] XSim simulation ran for 1000ns
launch_simulation: Time (s): cpu = 00:00:10 ; elapsed = 00:00:30 . Memory (MB): peak = 1160.012 ; gain = 14.848
close_sim
INFO: [Simtcl 6-16] Simulation closed
close_sim: Time (s): cpu = 00:00:03 ; elapsed = 00:00:08 . Memory (MB): peak = 1172.047 ; gain = 0.000
exit
INFO: [Common 17-206] Exiting Vivado at Thu Jun  6 22:27:56 2024...
